[I 02:40:46.835 NotebookApp] JupyterLab extension loaded from /home/brandon/anaconda3/lib/python3.7/site-packages/jupyterlab
[I 02:40:46.835 NotebookApp] JupyterLab application directory is /home/brandon/anaconda3/share/jupyter/lab
[I 02:40:47.111 NotebookApp] Serving notebooks from local directory: /home/brandon/code/jup
[I 02:40:47.111 NotebookApp] The Jupyter Notebook is running at:
[I 02:40:47.111 NotebookApp] http://localhost:8888/?token=f341b7183cbbe129e41112de8d1fb56a4270112111a98e5b
[I 02:40:47.111 NotebookApp]  or http://127.0.0.1:8888/?token=f341b7183cbbe129e41112de8d1fb56a4270112111a98e5b
[I 02:40:47.111 NotebookApp] Use Control-C to stop this server and shut down all kernels (twice to skip confirmation).
[C 02:40:47.116 NotebookApp] 
    
    To access the notebook, open this file in a browser:
        file:///home/brandon/.local/share/jupyter/runtime/nbserver-22378-open.html
    Or copy and paste one of these URLs:
        http://localhost:8888/?token=f341b7183cbbe129e41112de8d1fb56a4270112111a98e5b
     or http://127.0.0.1:8888/?token=f341b7183cbbe129e41112de8d1fb56a4270112111a98e5b
[I 02:40:57.768 NotebookApp] Interrupted...
[I 02:40:57.769 NotebookApp] Shutting down 0 kernels
[I 02:41:46.279 NotebookApp] JupyterLab extension loaded from /home/brandon/anaconda3/lib/python3.7/site-packages/jupyterlab
[I 02:41:46.279 NotebookApp] JupyterLab application directory is /home/brandon/anaconda3/share/jupyter/lab
[I 02:41:46.567 NotebookApp] Serving notebooks from local directory: /home/brandon/code/jup
[I 02:41:46.568 NotebookApp] The Jupyter Notebook is running at:
[I 02:41:46.568 NotebookApp] http://localhost:8888/?token=3fad7df1fc7c8351c18d2fe0d976779ca5b7c936cbca915b
[I 02:41:46.568 NotebookApp]  or http://127.0.0.1:8888/?token=3fad7df1fc7c8351c18d2fe0d976779ca5b7c936cbca915b
[I 02:41:46.568 NotebookApp] Use Control-C to stop this server and shut down all kernels (twice to skip confirmation).
[C 02:41:46.572 NotebookApp] 
    
    To access the notebook, open this file in a browser:
        file:///home/brandon/.local/share/jupyter/runtime/nbserver-22411-open.html
    Or copy and paste one of these URLs:
        http://localhost:8888/?token=3fad7df1fc7c8351c18d2fe0d976779ca5b7c936cbca915b
     or http://127.0.0.1:8888/?token=3fad7df1fc7c8351c18d2fe0d976779ca5b7c936cbca915b
[I 02:42:02.915 NotebookApp] Build is up to date
[I 02:42:15.357 NotebookApp] Creating new notebook in /
[I 02:42:15.393 NotebookApp] Writing notebook-signing key to /home/brandon/.local/share/jupyter/notebook_secret
[I 02:42:15.634 NotebookApp] Kernel started: 5c3ca178-8528-4edd-b002-8907ae070df4
[I 02:44:16.499 NotebookApp] Saving file at /Untitled.ipynb
[I 02:48:07.015 NotebookApp] Starting buffering for 5c3ca178-8528-4edd-b002-8907ae070df4:a3971693-a1f1-44a5-b2e4-3036b25f3a2e
[I 02:48:17.414 NotebookApp] Restoring connection for 5c3ca178-8528-4edd-b002-8907ae070df4:a3971693-a1f1-44a5-b2e4-3036b25f3a2e
[I 02:48:36.490 NotebookApp] Starting buffering for 5c3ca178-8528-4edd-b002-8907ae070df4:a3971693-a1f1-44a5-b2e4-3036b25f3a2e
[I 02:48:37.706 NotebookApp] Build is up to date
[I 02:50:37.961 NotebookApp] Saving file at /Untitled.ipynb
[I 04:59:02.572 NotebookApp] Starting buffering for 5c3ca178-8528-4edd-b002-8907ae070df4:658e47b2-35f6-41eb-b6f8-9cc3123d6b60
[I 04:59:03.507 NotebookApp] Build is up to date
[I 05:01:03.895 NotebookApp] Saving file at /Untitled.ipynb
[C 07:46:17.655 NotebookApp] received signal 15, stopping
[I 07:46:17.667 NotebookApp] Shutting down 1 kernel
[I 07:46:17.800 NotebookApp] Kernel shutdown: 5c3ca178-8528-4edd-b002-8907ae070df4
